<?xml version="1.0" encoding="UTF-8"?>
<!-- Generated by org.testng.reporters.JUnitXMLReporter -->
<testsuite ignored="1" hostname="MAvetisyanL1W" failures="0" tests="1" name="SeleniumPomProject" time="28.103" errors="0" timestamp="2024-03-30T16:56:36 AMT">
  <testcase classname="orgname.ft.LoginPositiveTest" name="verifyNewUserSignup" time="23.814"/>
  <testcase classname="orgname.ft.LoginPositiveTest" name="verifyNewUserSignup2" time="0.0">
    <ignored/>
  </testcase> <!-- verifyNewUserSignup2 -->
</testsuite> <!-- SeleniumPomProject -->
