<?xml version="1.0" encoding="UTF-8"?>
<testng-results ignored="0" total="1" passed="1" failed="0" skipped="0">
  <reporter-output>
  </reporter-output>
  <suite started-at="2024-03-30T16:54:39 AMT" name="Default Suite" finished-at="2024-03-30T16:54:52 AMT" duration-ms="12841">
    <groups>
    </groups>
    <test started-at="2024-03-30T16:54:39 AMT" name="SeleniumPomProject" finished-at="2024-03-30T16:54:52 AMT" duration-ms="12841">
      <class name="orgname.ft.LoginPositiveTest">
        <test-method is-config="true" signature="beforeSuite()[pri:0, instance:orgname.ft.LoginPositiveTest@3ba9ad43]" started-at="2024-03-30T16:54:39 AMT" name="beforeSuite" finished-at="2024-03-30T16:54:39 AMT" duration-ms="32" status="PASS">
          <reporter-output>
          </reporter-output>
        </test-method> <!-- beforeSuite -->
        <test-method is-config="true" signature="beforeTest()[pri:0, instance:orgname.ft.LoginPositiveTest@3ba9ad43]" started-at="2024-03-30T16:54:39 AMT" name="beforeTest" finished-at="2024-03-30T16:54:39 AMT" duration-ms="0" status="PASS">
          <reporter-output>
          </reporter-output>
        </test-method> <!-- beforeTest -->
        <test-method is-config="true" signature="beforeClass()[pri:0, instance:orgname.ft.LoginPositiveTest@3ba9ad43]" started-at="2024-03-30T16:54:39 AMT" name="beforeClass" finished-at="2024-03-30T16:54:39 AMT" duration-ms="1" status="PASS">
          <reporter-output>
          </reporter-output>
        </test-method> <!-- beforeClass -->
        <test-method is-config="true" signature="beforeMethod()[pri:0, instance:orgname.ft.LoginPositiveTest@3ba9ad43]" started-at="2024-03-30T16:54:39 AMT" name="beforeMethod" finished-at="2024-03-30T16:54:39 AMT" duration-ms="0" status="PASS">
          <reporter-output>
          </reporter-output>
        </test-method> <!-- beforeMethod -->
        <test-method is-config="true" signature="openBrowser()[pri:0, instance:orgname.ft.LoginPositiveTest@3ba9ad43]" started-at="2024-03-30T16:54:39 AMT" name="openBrowser" finished-at="2024-03-30T16:54:42 AMT" duration-ms="3299" status="PASS">
          <reporter-output>
          </reporter-output>
        </test-method> <!-- openBrowser -->
        <test-method signature="verifyNewUserSignup()[pri:0, instance:orgname.ft.LoginPositiveTest@3ba9ad43]" started-at="2024-03-30T16:54:42 AMT" name="verifyNewUserSignup" finished-at="2024-03-30T16:54:52 AMT" duration-ms="9327" status="PASS">
          <reporter-output>
          </reporter-output>
        </test-method> <!-- verifyNewUserSignup -->
        <test-method is-config="true" signature="closeBrowser()[pri:0, instance:orgname.ft.LoginPositiveTest@3ba9ad43]" started-at="2024-03-30T16:54:52 AMT" name="closeBrowser" finished-at="2024-03-30T16:54:52 AMT" duration-ms="5" status="PASS">
          <reporter-output>
          </reporter-output>
        </test-method> <!-- closeBrowser -->
        <test-method is-config="true" signature="afterClass()[pri:0, instance:orgname.ft.LoginPositiveTest@3ba9ad43]" started-at="2024-03-30T16:54:52 AMT" name="afterClass" finished-at="2024-03-30T16:54:52 AMT" duration-ms="2" status="PASS">
          <reporter-output>
          </reporter-output>
        </test-method> <!-- afterClass -->
        <test-method is-config="true" signature="afterTest()[pri:0, instance:orgname.ft.LoginPositiveTest@3ba9ad43]" started-at="2024-03-30T16:54:52 AMT" name="afterTest" finished-at="2024-03-30T16:54:52 AMT" duration-ms="0" status="PASS">
          <reporter-output>
          </reporter-output>
        </test-method> <!-- afterTest -->
        <test-method is-config="true" signature="afterSuite()[pri:0, instance:orgname.ft.LoginPositiveTest@3ba9ad43]" started-at="2024-03-30T16:54:52 AMT" name="afterSuite" finished-at="2024-03-30T16:54:52 AMT" duration-ms="2" status="PASS">
          <reporter-output>
          </reporter-output>
        </test-method> <!-- afterSuite -->
      </class> <!-- orgname.ft.LoginPositiveTest -->
    </test> <!-- SeleniumPomProject -->
  </suite> <!-- Default Suite -->
</testng-results>
